c:\users\rafael paiva\dropbox\pcd faitec\projetosalvar\codeasy\debug\vc120.pdb
c:\users\rafael paiva\dropbox\pcd faitec\projetosalvar\codeasy\debug\telaexecucao.obj
c:\users\rafael paiva\dropbox\pcd faitec\projetosalvar\codeasy\debug\telacodigo.obj
c:\users\rafael paiva\dropbox\pcd faitec\projetosalvar\codeasy\debug\principal.obj
c:\users\rafael paiva\dropbox\pcd faitec\projetosalvar\codeasy\debug\novoprojeto.obj
c:\users\rafael paiva\dropbox\pcd faitec\projetosalvar\codeasy\debug\menuinicial.obj
c:\users\rafael paiva\dropbox\pcd faitec\projetosalvar\codeasy\debug\controle.obj
c:\users\rafael paiva\dropbox\pcd faitec\projetosalvar\codeasy\debug\ajuda.obj
c:\users\rafael paiva\dropbox\pcd faitec\projetosalvar\codeasy\debug\.netframework,version=v4.5.assemblyattributes.obj
c:\users\rafael paiva\desktop\projetosalvar\codeasy\debug\vc120.pdb
c:\users\rafael paiva\desktop\projetosalvar\codeasy\debug\telaexecucao.obj
c:\users\rafael paiva\desktop\projetosalvar\codeasy\debug\telacodigo.obj
c:\users\rafael paiva\desktop\projetosalvar\codeasy\debug\principal.obj
c:\users\rafael paiva\desktop\projetosalvar\codeasy\debug\novoprojeto.obj
c:\users\rafael paiva\desktop\projetosalvar\codeasy\debug\menuinicial.obj
c:\users\rafael paiva\desktop\projetosalvar\codeasy\debug\controle.obj
c:\users\rafael paiva\desktop\projetosalvar\codeasy\debug\ajuda.obj
c:\users\rafael paiva\dropbox\pcd faitec\projetosalvar\codeasy\debug\codeasy.ajuda.resources
c:\users\rafael paiva\dropbox\pcd faitec\projetosalvar\codeasy\debug\codeasy.menuinicial.resources
c:\users\rafael paiva\dropbox\pcd faitec\projetosalvar\codeasy\debug\codeasy.novoprojeto.resources
c:\users\rafael paiva\dropbox\pcd faitec\projetosalvar\codeasy\debug\codeasy.telacodigo.resources
c:\users\rafael paiva\desktop\projetosalvar\codeasy\debug\codeasy.ajuda.resources
c:\users\rafael paiva\desktop\projetosalvar\codeasy\debug\codeasy.menuinicial.resources
c:\users\rafael paiva\desktop\projetosalvar\codeasy\debug\codeasy.novoprojeto.resources
c:\users\rafael paiva\desktop\projetosalvar\codeasy\debug\codeasy.telacodigo.resources
c:\users\rafael paiva\dropbox\pcd faitec\projetosalvar\codeasy\debug\codeasy.exe
c:\users\rafael paiva\dropbox\pcd faitec\projetosalvar\codeasy\debug\codeasy.pdb
c:\users\rafael paiva\desktop\projetosalvar\codeasy\debug\codeasy.exe
c:\users\rafael paiva\desktop\projetosalvar\codeasy\debug\codeasy.pdb
c:\users\rafael paiva\desktop\projetosalvar\codeasy\debug\codeasy.vcxproj.generateresource.cache
c:\users\rafael paiva\desktop\projetosalvar\codeasy\debug\codeasy.vcxprojresolveassemblyreference.cache
c:\users\rafael paiva\desktop\projetosalvar\codeasy\debug\.netframework,version=v4.5.assemblyattributes.obj
c:\users\rafael paiva\desktop\projetosalvar\codeasy\debug\codeasy.exe.metagen
c:\users\rafael paiva\desktop\projetosalvar\codeasy\debug\codeasy.tlog\cl.command.1.tlog
c:\users\rafael paiva\desktop\projetosalvar\codeasy\debug\codeasy.tlog\cl.read.1.tlog
c:\users\rafael paiva\desktop\projetosalvar\codeasy\debug\codeasy.tlog\cl.write.1.tlog
c:\users\rafael paiva\desktop\projetosalvar\codeasy\debug\codeasy.tlog\codeasy.write.1u.tlog
c:\users\rafael paiva\desktop\projetosalvar\codeasy\debug\codeasy.tlog\link.command.1.tlog
c:\users\rafael paiva\desktop\projetosalvar\codeasy\debug\codeasy.tlog\link.read.1.tlog
c:\users\rafael paiva\desktop\projetosalvar\codeasy\debug\codeasy.tlog\link.write.1.tlog
c:\users\rafael paiva\desktop\projetosalvar\codeasy\debug\codeasy.tlog\metagen.read.1.tlog
c:\users\rafael paiva\desktop\projetosalvar\codeasy\debug\codeasy.tlog\metagen.write.1.tlog
c:\users\rafael paiva\desktop\projetosalvar\codeasy\debug\codeasy.tlog\tzres.dll.bi
